<?xml version="1.0" encoding="UTF-8" standalone="no"?>
<testsuite errors="0" failures="0" name="io.cucumber.core.plugin.JUnitFormatter" skipped="0" tests="1" time="11.102">
    <testcase classname="Login workflow" name="Login to the application" time="10.92">
        <system-out><![CDATA[Given Open chrome browser...................................................passed
Given Launch the application................................................passed
Given User enters bpl.feeearner and SHMA@1234...............................passed
When Click login button.....................................................passed
Then The applicaiton is opened..............................................passed
And Log out from the application............................................passed
]]></system-out>
    </testcase>
</testsuite>
